Finish initialize part networks
Finish initialize network...
Finish initialize trainer...
Finish initialize optimizer...
Finish initialize lr scheduler...
Finish initialize recorder...
Finish initialize evaluator...
[*] Training experiment inb_394_novel started, log_interval: 100
[*] First forward pass is done, this usually means cuda is initialized
Start timer
expname: inb_394_novel, eta: 0:00:25  epoch: 0  step: 100  reg_dist: 0.0368  offset_loss: 0.0005  img_loss: 0.0102  psnr: 19.8976  lpips_loss: 0.2462  loss: 0.2499  lr: 0.0005  data: 0.0000  batch: 0.0626  max_mem: 9088  gpu: [0]
expname: inb_394_novel, eta: 0:00:16  epoch: 0  step: 200  reg_dist: 0.0414  offset_loss: 0.0007  img_loss: 0.0092  psnr: 20.3682  lpips_loss: 0.2497  loss: 0.2539  lr: 0.0005  data: 0.0000  batch: 0.0589  max_mem: 9088  gpu: [0]
expname: inb_394_novel, eta: 0:00:13  epoch: 0  step: 300  reg_dist: 0.0294  offset_loss: 0.0022  img_loss: 0.0067  psnr: 22.8535  lpips_loss: 0.2017  loss: 0.2048  lr: 0.0005  data: 0.0000  batch: 0.0625  max_mem: 9088  gpu: [0]
expname: inb_394_novel, eta: 0:00:07  epoch: 0  step: 400  reg_dist: 0.0329  offset_loss: 0.0021  img_loss: 0.0063  psnr: 22.8427  lpips_loss: 0.1872  loss: 0.1909  lr: 0.0005  data: 0.0000  batch: 0.0661  pair_loss: 0.0001  max_mem: 9088  gpu: [0]
expname: inb_394_novel, eta: 0:00:00  epoch: 0  step: 499  reg_dist: 0.0327  offset_loss: 0.0020  img_loss: 0.0059  psnr: 23.0601  lpips_loss: 0.1855  loss: 0.1893  lr: 0.0005  data: 0.0000  batch: 0.0666  pair_loss: 0.0001  max_mem: 9088  gpu: [0]
expname: inb_394_novel, eta: 0:00:41  epoch: 0  step: 500  reg_dist: 0.0317  offset_loss: 0.0020  img_loss: 0.0055  psnr: 23.3514  lpips_loss: 0.1882  loss: 0.1921  lr: 0.0005  data: 0.0048  batch: 0.0693  pair_loss: 0.0001  max_mem: 9088  gpu: [0]
expname: inb_394_novel, eta: 0:00:29  epoch: 1  step: 600  reg_dist: 0.0352  offset_loss: 0.0023  img_loss: 0.0053  psnr: 23.4246  lpips_loss: 0.1899  loss: 0.1942  lr: 0.0005  data: 0.0041  batch: 0.0700  pair_loss: 0.0001  max_mem: 9088  gpu: [0]
expname: inb_394_novel, eta: 0:00:20  epoch: 1  step: 700  reg_dist: 0.0349  offset_loss: 0.0022  img_loss: 0.0051  psnr: 23.5214  lpips_loss: 0.1855  loss: 0.1897  lr: 0.0005  data: 0.0036  batch: 0.0698  pair_loss: 0.0001  max_mem: 9088  gpu: [0]
expname: inb_394_novel, eta: 0:00:14  epoch: 1  step: 800  reg_dist: 0.0333  offset_loss: 0.0023  img_loss: 0.0048  psnr: 23.7917  lpips_loss: 0.1763  loss: 0.1804  lr: 0.0005  data: 0.0032  batch: 0.0702  pair_loss: 0.0001  max_mem: 9088  gpu: [0]
expname: inb_394_novel, eta: 0:00:08  epoch: 1  step: 900  reg_dist: 0.0338  offset_loss: 0.0022  img_loss: 0.0046  psnr: 23.9267  lpips_loss: 0.1768  loss: 0.1809  lr: 0.0005  data: 0.0029  batch: 0.0714  pair_loss: 0.0001  max_mem: 9088  gpu: [0]
expname: inb_394_novel, eta: 0:00:00  epoch: 1  step: 999  reg_dist: 0.0317  offset_loss: 0.0023  img_loss: 0.0049  psnr: 23.6951  lpips_loss: 0.1763  loss: 0.1801  lr: 0.0005  data: 0.0026  batch: 0.0717  pair_loss: 0.0001  max_mem: 9088  gpu: [0]
expname: inb_394_novel, eta: 0:00:39  epoch: 1  step: 1000  reg_dist: 0.0297  offset_loss: 0.0023  img_loss: 0.0049  psnr: 23.6343  lpips_loss: 0.1718  loss: 0.1754  lr: 0.0005  data: 0.0055  batch: 0.0724  pair_loss: 0.0001  max_mem: 9088  gpu: [0]
expname: inb_394_novel, eta: 0:00:38  epoch: 2  step: 1100  reg_dist: 0.0292  offset_loss: 0.0023  img_loss: 0.0045  psnr: 24.5908  lpips_loss: 0.1616  loss: 0.1651  lr: 0.0005  data: 0.0050  batch: 0.0741  pair_loss: 0.0001  max_mem: 9610  gpu: [0]
expname: inb_394_novel, eta: 0:00:23  epoch: 2  step: 1200  reg_dist: 0.0320  offset_loss: 0.0023  img_loss: 0.0045  psnr: 24.5561  lpips_loss: 0.1637  loss: 0.1676  lr: 0.0005  data: 0.0047  batch: 0.0745  pair_loss: 0.0001  max_mem: 9614  gpu: [0]
expname: inb_394_novel, eta: 0:00:17  epoch: 2  step: 1300  reg_dist: 0.0308  offset_loss: 0.0024  img_loss: 0.0043  psnr: 24.7134  lpips_loss: 0.1612  loss: 0.1650  lr: 0.0005  data: 0.0044  batch: 0.0755  pair_loss: 0.0001  max_mem: 10480  gpu: [0]
expname: inb_394_novel, eta: 0:00:07  epoch: 2  step: 1400  reg_dist: 0.0296  offset_loss: 0.0024  img_loss: 0.0050  psnr: 24.2983  lpips_loss: 0.1691  loss: 0.1727  lr: 0.0005  data: 0.0041  batch: 0.0756  pair_loss: 0.0000  max_mem: 10480  gpu: [0]
expname: inb_394_novel, eta: 0:00:00  epoch: 2  step: 1499  reg_dist: 0.0301  offset_loss: 0.0025  img_loss: 0.0050  psnr: 24.2113  lpips_loss: 0.1720  loss: 0.1756  lr: 0.0005  data: 0.0039  batch: 0.0761  pair_loss: 0.0000  max_mem: 10480  gpu: [0]
expname: inb_394_novel, eta: 0:00:56  epoch: 2  step: 1500  reg_dist: 0.0299  offset_loss: 0.0026  img_loss: 0.0055  psnr: 23.9161  lpips_loss: 0.1762  loss: 0.1798  lr: 0.0005  data: 0.0063  batch: 0.0782  pair_loss: 0.0000  max_mem: 10480  gpu: [0]
expname: inb_394_novel, eta: 0:00:31  epoch: 3  step: 1600  reg_dist: 0.0289  offset_loss: 0.0026  img_loss: 0.0057  psnr: 23.7230  lpips_loss: 0.1766  loss: 0.1801  lr: 0.0005  data: 0.0059  batch: 0.0782  pair_loss: 0.0000  max_mem: 10545  gpu: [0]
expname: inb_394_novel, eta: 0:00:29  epoch: 3  step: 1700  reg_dist: 0.0281  offset_loss: 0.0026  img_loss: 0.0057  psnr: 23.6576  lpips_loss: 0.1759  loss: 0.1793  lr: 0.0005  data: 0.0056  batch: 0.0793  pair_loss: 0.0000  max_mem: 10545  gpu: [0]
expname: inb_394_novel, eta: 0:00:15  epoch: 3  step: 1800  reg_dist: 0.0280  offset_loss: 0.0026  img_loss: 0.0054  psnr: 23.8787  lpips_loss: 0.1741  loss: 0.1775  lr: 0.0005  data: 0.0056  batch: 0.0800  pair_loss: 0.0000  max_mem: 10545  gpu: [0]
expname: inb_394_novel, eta: 0:00:10  epoch: 3  step: 1900  reg_dist: 0.0271  offset_loss: 0.0028  img_loss: 0.0050  psnr: 24.2155  lpips_loss: 0.1683  loss: 0.1717  lr: 0.0005  data: 0.0056  batch: 0.0826  pair_loss: 0.0000  max_mem: 10545  gpu: [0]
expname: inb_394_novel, eta: 0:00:00  epoch: 3  step: 1999  reg_dist: 0.0281  offset_loss: 0.0027  img_loss: 0.0051  psnr: 24.0464  lpips_loss: 0.1712  loss: 0.1747  lr: 0.0005  data: 0.0056  batch: 0.0838  pair_loss: 0.0000  max_mem: 10545  gpu: [0]
expname: inb_394_novel, eta: 0:00:48  epoch: 3  step: 2000  reg_dist: 0.0274  offset_loss: 0.0028  img_loss: 0.0052  psnr: 24.0246  lpips_loss: 0.1752  loss: 0.1785  lr: 0.0005  data: 0.0075  batch: 0.0848  pair_loss: 0.0000  max_mem: 10545  gpu: [0]
expname: inb_394_novel, eta: 0:00:38  epoch: 4  step: 2100  reg_dist: 0.0263  offset_loss: 0.0028  img_loss: 0.0052  psnr: 23.9765  lpips_loss: 0.1758  loss: 0.1795  lr: 0.0005  data: 0.0075  batch: 0.0862  pair_loss: 0.0000  max_mem: 10545  gpu: [0]
expname: inb_394_novel, eta: 0:00:22  epoch: 4  step: 2200  reg_dist: 0.0250  offset_loss: 0.0030  img_loss: 0.0052  psnr: 24.0529  lpips_loss: 0.1707  loss: 0.1743  lr: 0.0005  data: 0.0060  batch: 0.0858  pair_loss: 0.0000  max_mem: 10545  gpu: [0]
expname: inb_394_novel, eta: 0:00:16  epoch: 4  step: 2300  reg_dist: 0.0227  offset_loss: 0.0029  img_loss: 0.0051  psnr: 24.0582  lpips_loss: 0.1678  loss: 0.1716  lr: 0.0005  data: 0.0060  batch: 0.0863  pair_loss: 0.0000  max_mem: 10545  gpu: [0]
expname: inb_394_novel, eta: 0:00:10  epoch: 4  step: 2400  reg_dist: 0.0235  offset_loss: 0.0030  img_loss: 0.0051  psnr: 24.1060  lpips_loss: 0.1700  loss: 0.1761  lr: 0.0005  data: 0.0060  batch: 0.0881  pair_loss: 0.0000  max_mem: 10692  gpu: [0]
expname: inb_394_novel, eta: 0:00:00  epoch: 4  step: 2499  reg_dist: 0.0230  offset_loss: 0.0030  img_loss: 0.0051  psnr: 24.1108  lpips_loss: 0.1733  loss: 0.1799  lr: 0.0005  data: 0.0060  batch: 0.0884  pair_loss: 0.0000  max_mem: 10702  gpu: [0]
expname: inb_394_novel, eta: 0:00:44  epoch: 4  step: 2500  reg_dist: 0.0217  offset_loss: 0.0030  img_loss: 0.0052  psnr: 24.0347  lpips_loss: 0.1757  loss: 0.1826  lr: 0.0005  data: 0.0083  batch: 0.0887  pair_loss: 0.0000  max_mem: 10702  gpu: [0]
novel
novel
novel
['loss: 0.0000']
the results are saved at exps/inb/inb_394_novel
mse: 0.0018531817101684277
psnr: 27.404927045311158
ssim: 0.9231084543265858
lpips: 0.11336435377597809
expname: inb_394_novel, eta: 0:00:33  epoch: 5  step: 2600  reg_dist: 0.0216  offset_loss: 0.0029  img_loss: 0.0051  psnr: 24.1238  lpips_loss: 0.1760  loss: 0.1833  lr: 0.0005  data: 0.0083  batch: 0.0892  pair_loss: 0.0000  max_mem: 10702  gpu: [0]
expname: inb_394_novel, eta: 0:00:25  epoch: 5  step: 2700  reg_dist: 0.0217  offset_loss: 0.0029  img_loss: 0.0055  psnr: 23.9020  lpips_loss: 0.1844  loss: 0.1922  lr: 0.0005  data: 0.0064  batch: 0.0895  pair_loss: 0.0000  max_mem: 10702  gpu: [0]
expname: inb_394_novel, eta: 0:00:22  epoch: 5  step: 2800  reg_dist: 0.0208  offset_loss: 0.0030  img_loss: 0.0061  psnr: 23.0411  lpips_loss: 0.1930  loss: 0.2010  lr: 0.0005  data: 0.0064  batch: 0.0903  pair_loss: 0.0000  max_mem: 10702  gpu: [0]
expname: inb_394_novel, eta: 0:00:06  epoch: 5  step: 2900  reg_dist: 0.0175  offset_loss: 0.0032  img_loss: 0.0061  psnr: 23.0417  lpips_loss: 0.1885  loss: 0.1962  lr: 0.0005  data: 0.0064  batch: 0.0896  pair_loss: 0.0000  max_mem: 10702  gpu: [0]
expname: inb_394_novel, eta: 0:00:00  epoch: 5  step: 2999  reg_dist: 0.0173  offset_loss: 0.0030  img_loss: 0.0063  psnr: 22.8429  lpips_loss: 0.1906  loss: 0.1987  lr: 0.0005  data: 0.0064  batch: 0.0890  pair_loss: 0.0000  max_mem: 10702  gpu: [0]
expname: inb_394_novel, eta: 0:00:45  epoch: 5  step: 3000  reg_dist: 0.0172  offset_loss: 0.0030  img_loss: 0.0058  psnr: 23.0714  lpips_loss: 0.1876  loss: 0.1962  lr: 0.0005  data: 0.0084  batch: 0.0897  pair_loss: 0.0000  max_mem: 10702  gpu: [0]
expname: inb_394_novel, eta: 0:00:42  epoch: 6  step: 3100  reg_dist: 0.0158  offset_loss: 0.0029  img_loss: 0.0066  psnr: 22.7662  lpips_loss: 0.1930  loss: 0.2019  lr: 0.0005  data: 0.0084  batch: 0.0908  pair_loss: 0.0000  max_mem: 11459  gpu: [0]
expname: inb_394_novel, eta: 0:00:24  epoch: 6  step: 3200  reg_dist: 0.0146  offset_loss: 0.0028  img_loss: 0.0061  psnr: 23.0464  lpips_loss: 0.1863  loss: 0.1952  lr: 0.0005  data: 0.0060  batch: 0.0892  pair_loss: 0.0000  max_mem: 11459  gpu: [0]
expname: inb_394_novel, eta: 0:00:18  epoch: 6  step: 3300  reg_dist: 0.0142  offset_loss: 0.0028  img_loss: 0.0061  psnr: 23.0749  lpips_loss: 0.1891  loss: 0.1980  lr: 0.0005  data: 0.0060  batch: 0.0898  pair_loss: 0.0000  max_mem: 11459  gpu: [0]
expname: inb_394_novel, eta: 0:00:08  epoch: 6  step: 3400  reg_dist: 0.0139  offset_loss: 0.0029  img_loss: 0.0060  psnr: 23.1448  lpips_loss: 0.1903  loss: 0.1995  lr: 0.0005  data: 0.0060  batch: 0.0893  pair_loss: 0.0000  max_mem: 11459  gpu: [0]
expname: inb_394_novel, eta: 0:00:00  epoch: 6  step: 3499  reg_dist: 0.0125  offset_loss: 0.0030  img_loss: 0.0062  psnr: 22.9604  lpips_loss: 0.1938  loss: 0.2032  lr: 0.0005  data: 0.0060  batch: 0.0895  pair_loss: 0.0000  max_mem: 11459  gpu: [0]
expname: inb_394_novel, eta: 0:00:41  epoch: 6  step: 3500  reg_dist: 0.0114  offset_loss: 0.0030  img_loss: 0.0064  psnr: 22.6915  lpips_loss: 0.1977  loss: 0.2072  lr: 0.0005  data: 0.0078  batch: 0.0882  pair_loss: 0.0000  max_mem: 11459  gpu: [0]
expname: inb_394_novel, eta: 0:00:32  epoch: 7  step: 3600  reg_dist: 0.0104  offset_loss: 0.0029  img_loss: 0.0064  psnr: 22.7371  lpips_loss: 0.1965  loss: 0.2061  lr: 0.0005  data: 0.0078  batch: 0.0876  pair_loss: 0.0000  max_mem: 11459  gpu: [0]
expname: inb_394_novel, eta: 0:00:37  epoch: 7  step: 3700  reg_dist: 0.0094  offset_loss: 0.0029  img_loss: 0.0064  psnr: 22.7495  lpips_loss: 0.1960  loss: 0.2060  lr: 0.0005  data: 0.0060  batch: 0.0891  pair_loss: 0.0000  max_mem: 11459  gpu: [0]
expname: inb_394_novel, eta: 0:00:18  epoch: 7  step: 3800  reg_dist: 0.0092  offset_loss: 0.0029  img_loss: 0.0063  psnr: 22.8717  lpips_loss: 0.1943  loss: 0.2041  lr: 0.0005  data: 0.0060  batch: 0.0889  pair_loss: 0.0000  max_mem: 11459  gpu: [0]
expname: inb_394_novel, eta: 0:00:08  epoch: 7  step: 3900  reg_dist: 0.0094  offset_loss: 0.0027  img_loss: 0.0065  psnr: 22.6483  lpips_loss: 0.2011  loss: 0.2111  lr: 0.0005  data: 0.0060  batch: 0.0892  pair_loss: 0.0000  max_mem: 11459  gpu: [0]
expname: inb_394_novel, eta: 0:00:00  epoch: 7  step: 3999  reg_dist: 0.0098  offset_loss: 0.0029  img_loss: 0.0068  psnr: 22.4470  lpips_loss: 0.2106  loss: 0.2210  lr: 0.0005  data: 0.0060  batch: 0.0891  pair_loss: 0.0000  max_mem: 11459  gpu: [0]
expname: inb_394_novel, eta: 0:00:47  epoch: 7  step: 4000  reg_dist: 0.0076  offset_loss: 0.0028  img_loss: 0.0069  psnr: 22.3595  lpips_loss: 0.2104  loss: 0.2186  lr: 0.0005  data: 0.0082  batch: 0.0886  pair_loss: 0.0000  max_mem: 11459  gpu: [0]
expname: inb_394_novel, eta: 0:00:41  epoch: 8  step: 4100  reg_dist: 0.0074  offset_loss: 0.0028  img_loss: 0.0070  psnr: 22.1719  lpips_loss: 0.2144  loss: 0.2224  lr: 0.0005  data: 0.0082  batch: 0.0900  pair_loss: 0.0000  max_mem: 11459  gpu: [0]
expname: inb_394_novel, eta: 0:00:24  epoch: 8  step: 4200  reg_dist: 0.0070  offset_loss: 0.0028  img_loss: 0.0072  psnr: 22.0860  lpips_loss: 0.2154  loss: 0.2231  lr: 0.0005  data: 0.0059  batch: 0.0896  pair_loss: 0.0000  max_mem: 11459  gpu: [0]
expname: inb_394_novel, eta: 0:00:21  epoch: 8  step: 4300  reg_dist: 0.0069  offset_loss: 0.0029  img_loss: 0.0071  psnr: 22.1145  lpips_loss: 0.2169  loss: 0.2245  lr: 0.0005  data: 0.0059  batch: 0.0907  pair_loss: 0.0000  max_mem: 11459  gpu: [0]
expname: inb_394_novel, eta: 0:00:08  epoch: 8  step: 4400  reg_dist: 0.0067  offset_loss: 0.0029  img_loss: 0.0069  psnr: 22.2170  lpips_loss: 0.2175  loss: 0.2248  lr: 0.0005  data: 0.0059  batch: 0.0908  pair_loss: 0.0000  max_mem: 11459  gpu: [0]
expname: inb_394_novel, eta: 0:00:00  epoch: 8  step: 4499  reg_dist: 0.0066  offset_loss: 0.0027  img_loss: 0.0062  psnr: 22.8439  lpips_loss: 0.2106  loss: 0.2178  lr: 0.0005  data: 0.0059  batch: 0.0900  pair_loss: 0.0000  max_mem: 12165  gpu: [0]
expname: inb_394_novel, eta: 0:00:47  epoch: 8  step: 4500  reg_dist: 0.0067  offset_loss: 0.0026  img_loss: 0.0062  psnr: 22.8402  lpips_loss: 0.2130  loss: 0.2202  lr: 0.0005  data: 0.0072  batch: 0.0915  pair_loss: 0.0000  max_mem: 12165  gpu: [0]
expname: inb_394_novel, eta: 0:00:38  epoch: 9  step: 4600  reg_dist: 0.0064  offset_loss: 0.0026  img_loss: 0.0061  psnr: 23.0077  lpips_loss: 0.2109  loss: 0.2179  lr: 0.0005  data: 0.0072  batch: 0.0925  pair_loss: 0.0000  max_mem: 12165  gpu: [0]
expname: inb_394_novel, eta: 0:00:26  epoch: 9  step: 4700  reg_dist: 0.0060  offset_loss: 0.0026  img_loss: 0.0062  psnr: 22.9562  lpips_loss: 0.2127  loss: 0.2194  lr: 0.0005  data: 0.0053  batch: 0.0922  pair_loss: 0.0000  max_mem: 12165  gpu: [0]
expname: inb_394_novel, eta: 0:00:16  epoch: 9  step: 4800  reg_dist: 0.0060  offset_loss: 0.0026  img_loss: 0.0054  psnr: 23.2671  lpips_loss: 0.2086  loss: 0.2153  lr: 0.0005  data: 0.0053  batch: 0.0911  pair_loss: 0.0000  max_mem: 12165  gpu: [0]
expname: inb_394_novel, eta: 0:00:07  epoch: 9  step: 4900  reg_dist: 0.0061  offset_loss: 0.0025  img_loss: 0.0053  psnr: 23.3833  lpips_loss: 0.2100  loss: 0.2168  lr: 0.0005  data: 0.0053  batch: 0.0908  pair_loss: 0.0000  max_mem: 12165  gpu: [0]
expname: inb_394_novel, eta: 0:00:00  epoch: 9  step: 4999  reg_dist: 0.0062  offset_loss: 0.0025  img_loss: 0.0050  psnr: 23.6204  lpips_loss: 0.2075  loss: 0.2143  lr: 0.0005  data: 0.0053  batch: 0.0907  pair_loss: 0.0000  max_mem: 12165  gpu: [0]
expname: inb_394_novel, eta: 0:00:49  epoch: 9  step: 5000  reg_dist: 0.0062  offset_loss: 0.0025  img_loss: 0.0052  psnr: 23.5045  lpips_loss: 0.2123  loss: 0.2192  lr: 0.0005  data: 0.0068  batch: 0.0912  pair_loss: 0.0000  max_mem: 12165  gpu: [0]
novel
novel
novel
['loss: 0.0000']
the results are saved at exps/inb/inb_394_novel
mse: 0.0017152626243746077
psnr: 27.737605174314584
ssim: 0.9247943662765067
lpips: 0.10828174650669098
Training finished. Time elapsed: 461.61038613319397 seconds
Finish initialize part networks
load model: exps/inb/inb_394_novel/trained_model/latest.pth
novel
novel
novel
novel
novel
novel
novel
novel
novel
novel
the results are saved at exps/inb/inb_394_novel
mse: 0.002096411986287173
psnr: 26.997868147813996
ssim: 0.9129117227306013
lpips: 0.115843765437603
Finish initialize part networks
load model: exps/inb/inb_394_novel/trained_model/latest.pth
novel
novel
novel
novel
novel
novel
novel
novel
novel
novel
novel
novel
novel
novel
novel
novel
novel
novel
novel
the results are saved at exps/inb/inb_394_novel
mse: 0.003928943305119337
psnr: 24.340639821949054
ssim: 0.8831152379112005
lpips: 0.141266867518425
